<?xml version="1.0" encoding="UTF-8"?>
<testng-results ignored="0" total="2" passed="2" failed="0" skipped="0">
  <reporter-output>
  </reporter-output>
  <suite started-at="2025-04-22T16:57:53 UTC" name="SampleSuite" finished-at="2025-04-22T16:57:53 UTC" duration-ms="40">
    <groups>
    </groups>
    <test started-at="2025-04-22T16:57:53 UTC" name="SampleTest" finished-at="2025-04-22T16:57:53 UTC" duration-ms="40">
      <class name="com.example.SampleTest">
        <test-method signature="testAddition()[pri:0, instance:com.example.SampleTest@3bbc39f8]" started-at="2025-04-22T16:57:53 UTC" name="testAddition" finished-at="2025-04-22T16:57:53 UTC" duration-ms="8" status="PASS">
          <reporter-output>
          </reporter-output>
        </test-method> <!-- testAddition -->
        <test-method signature="testString()[pri:0, instance:com.example.SampleTest@3bbc39f8]" started-at="2025-04-22T16:57:53 UTC" name="testString" finished-at="2025-04-22T16:57:53 UTC" duration-ms="1" status="PASS">
          <reporter-output>
          </reporter-output>
        </test-method> <!-- testString -->
      </class> <!-- com.example.SampleTest -->
    </test> <!-- SampleTest -->
  </suite> <!-- SampleSuite -->
</testng-results>
